
=== Wed Apr 14 16:14:28 2021

Packages were changed.
Update Mode: updateDependencies

The following packages were added:
  com.unity.ide.visualstudio@2.0.7
The following packages were updated:
  com.unity.cinemachine from version 2.3.4 to 2.7.3
  com.unity.collab-proxy from version 1.2.16 to 1.3.9
  com.unity.ext.nunit from version 1.0.0 to 1.0.6
  com.unity.ide.rider from version 1.1.0 to 3.0.5
  com.unity.ide.vscode from version 1.1.2 to 1.2.3
  com.unity.test-framework from version 1.0.13 to 1.1.24
  com.unity.textmeshpro from version 2.0.1 to 3.0.4
  com.unity.timeline from version 1.1.0 to 1.5.4
The following packages were removed:
  com.unity.package-manager-ui@2.2.0

=== Fri Dec  1 16:58:51 2023

Packages were changed.
Update Mode: updateDependencies

The following packages were added:
  com.unity.ai.navigation@1.1.5
The following packages were updated:
  com.unity.cinemachine from version 2.7.3 to 2.9.5
  com.unity.collab-proxy from version 1.3.9 to 2.1.0
  com.unity.ide.rider from version 3.0.5 to 3.0.25
  com.unity.ide.visualstudio from version 2.0.7 to 2.0.21
  com.unity.ide.vscode from version 1.2.3 to 1.2.5
  com.unity.test-framework from version 1.1.24 to 1.1.33
  com.unity.textmeshpro from version 3.0.4 to 3.0.6
  com.unity.timeline from version 1.5.4 to 1.7.5
